Sat Apr 12 06:01:42 UTC 2025
Sat Apr 12 12:32:11 UTC 2025
Sun Apr 13 12:32:47 UTC 2025
Mon Apr 14 12:36:47 UTC 2025
Tue Apr 15 12:36:41 UTC 2025
Wed Apr 16 12:36:51 UTC 2025
Thu Apr 17 12:36:17 UTC 2025
Fri Apr 18 12:34:48 UTC 2025
Sat Apr 19 12:32:21 UTC 2025
Sun Apr 20 12:32:36 UTC 2025
Mon Apr 21 12:35:35 UTC 2025
Tue Apr 22 12:36:35 UTC 2025
Wed Apr 23 12:37:16 UTC 2025
Thu Apr 24 12:37:46 UTC 2025
Fri Apr 25 12:36:38 UTC 2025
Sat Apr 26 12:32:46 UTC 2025
Sun Apr 27 12:32:59 UTC 2025
Mon Apr 28 12:39:11 UTC 2025
Tue Apr 29 12:39:10 UTC 2025
Wed Apr 30 12:36:35 UTC 2025
Thu May  1 12:36:06 UTC 2025
Fri May  2 12:36:16 UTC 2025
Sat May  3 12:33:29 UTC 2025
Sun May  4 12:34:14 UTC 2025
Mon May  5 12:37:19 UTC 2025
Tue May  6 12:39:15 UTC 2025
Wed May  7 12:39:25 UTC 2025
Thu May  8 12:37:36 UTC 2025
Fri May  9 12:36:47 UTC 2025
Sat May 10 12:33:45 UTC 2025
Sun May 11 12:33:37 UTC 2025
Mon May 12 12:39:07 UTC 2025
Tue May 13 12:39:17 UTC 2025
Wed May 14 12:37:51 UTC 2025
Thu May 15 12:38:18 UTC 2025
Fri May 16 12:38:04 UTC 2025
Sat May 17 12:34:08 UTC 2025
Sun May 18 12:34:33 UTC 2025
Mon May 19 12:39:40 UTC 2025
Tue May 20 12:39:37 UTC 2025
Wed May 21 12:38:38 UTC 2025
Thu May 22 12:39:02 UTC 2025
Fri May 23 12:37:18 UTC 2025
Sat May 24 12:34:09 UTC 2025
Sun May 25 12:34:47 UTC 2025
Mon May 26 12:37:30 UTC 2025
Tue May 27 12:39:32 UTC 2025
Wed May 28 12:39:12 UTC 2025
